<?xml version="1.0" encoding="UTF-8"?>
<testsuite name="com.bandwidth.sqs.consumer.ConsumerTest" time="0.128" tests="28" errors="0" skipped="0" failures="0">
  <properties>
    <property name="java.runtime.name" value="Java(TM) SE Runtime Environment"/>
    <property name="sun.boot.library.path" value="/usr/lib/jvm/java-8-oracle/jre/lib/amd64"/>
    <property name="java.vm.version" value="25.101-b13"/>
    <property name="java.vm.vendor" value="Oracle Corporation"/>
    <property name="maven.multiModuleProjectDirectory" value="/home/nathan/repos/catapult-messaging-v2"/>
    <property name="java.vendor.url" value="http://java.oracle.com/"/>
    <property name="path.separator" value=":"/>
    <property name="guice.disable.misplaced.annotation.check" value="true"/>
    <property name="java.vm.name" value="Java HotSpot(TM) 64-Bit Server VM"/>
    <property name="file.encoding.pkg" value="sun.io"/>
    <property name="user.country" value="US"/>
    <property name="sun.java.launcher" value="SUN_STANDARD"/>
    <property name="sun.os.patch.level" value="unknown"/>
    <property name="java.vm.specification.name" value="Java Virtual Machine Specification"/>
    <property name="user.dir" value="/home/nathan/repos/catapult-messaging-v2"/>
    <property name="java.runtime.version" value="1.8.0_101-b13"/>
    <property name="java.awt.graphicsenv" value="sun.awt.X11GraphicsEnvironment"/>
    <property name="java.endorsed.dirs" value="/usr/lib/jvm/java-8-oracle/jre/lib/endorsed"/>
    <property name="os.arch" value="amd64"/>
    <property name="java.io.tmpdir" value="/tmp"/>
    <property name="line.separator" value="&#10;"/>
    <property name="java.vm.specification.vendor" value="Oracle Corporation"/>
    <property name="os.name" value="Linux"/>
    <property name="net.sourceforge.cobertura.datafile" value="/home/nathan/repos/catapult-messaging-v2/catapult-async-sqs/target/cobertura/cobertura.ser"/>
    <property name="classworlds.conf" value="/usr/share/maven/bin/m2.conf"/>
    <property name="sun.jnu.encoding" value="UTF-8"/>
    <property name="java.library.path" value=".::/usr/java/packages/lib/amd64:/usr/lib64:/lib64:/lib:/usr/lib"/>
    <property name="java.specification.name" value="Java Platform API Specification"/>
    <property name="java.class.version" value="52.0"/>
    <property name="sun.management.compiler" value="HotSpot 64-Bit Tiered Compilers"/>
    <property name="os.version" value="4.4.0-59-generic"/>
    <property name="user.home" value="/home/nathan"/>
    <property name="user.timezone" value="America/New_York"/>
    <property name="java.awt.printerjob" value="sun.print.PSPrinterJob"/>
    <property name="java.specification.version" value="1.8"/>
    <property name="file.encoding" value="UTF-8"/>
    <property name="user.name" value="nathan"/>
    <property name="java.class.path" value="/usr/share/maven/boot/plexus-classworlds-2.x.jar"/>
    <property name="java.vm.specification.version" value="1.8"/>
    <property name="sun.arch.data.model" value="64"/>
    <property name="java.home" value="/usr/lib/jvm/java-8-oracle/jre"/>
    <property name="sun.java.command" value="org.codehaus.plexus.classworlds.launcher.Launcher clean install"/>
    <property name="java.specification.vendor" value="Oracle Corporation"/>
    <property name="user.language" value="en"/>
    <property name="awt.toolkit" value="sun.awt.X11.XToolkit"/>
    <property name="java.vm.info" value="mixed mode"/>
    <property name="java.version" value="1.8.0_101"/>
    <property name="java.ext.dirs" value="/usr/lib/jvm/java-8-oracle/jre/lib/ext:/usr/java/packages/lib/ext"/>
    <property name="securerandom.source" value="file:/dev/./urandom"/>
    <property name="sun.boot.class.path" value="/usr/lib/jvm/java-8-oracle/jre/lib/resources.jar:/usr/lib/jvm/java-8-oracle/jre/lib/rt.jar:/usr/lib/jvm/java-8-oracle/jre/lib/sunrsasign.jar:/usr/lib/jvm/java-8-oracle/jre/lib/jsse.jar:/usr/lib/jvm/java-8-oracle/jre/lib/jce.jar:/usr/lib/jvm/java-8-oracle/jre/lib/charsets.jar:/usr/lib/jvm/java-8-oracle/jre/lib/jfr.jar:/usr/lib/jvm/java-8-oracle/jre/classes"/>
    <property name="java.vendor" value="Oracle Corporation"/>
    <property name="maven.home" value="/usr/share/maven"/>
    <property name="file.separator" value="/"/>
    <property name="java.vendor.url.bug" value="http://bugreport.sun.com/bugreport/"/>
    <property name="sun.cpu.endian" value="little"/>
    <property name="sun.io.unicode.encoding" value="UnicodeLittle"/>
    <property name="project.build.outputDirectory" value="/home/nathan/repos/catapult-messaging-v2/catapult-async-sqs/target/generated-classes/cobertura"/>
    <property name="sun.desktop" value="gnome"/>
    <property name="sun.cpu.isalist" value=""/>
  </properties>
  <testcase name="testShutdownWithPendingPermits" classname="com.bandwidth.sqs.consumer.ConsumerTest" time="0.062"/>
  <testcase name="testIsNotTerminatedWhenWaitingLongPollRequest" classname="com.bandwidth.sqs.consumer.ConsumerTest" time="0.002"/>
  <testcase name="testStartFirstLoadBalancedRequest" classname="com.bandwidth.sqs.consumer.ConsumerTest" time="0.001"/>
  <testcase name="testProcessNextMessage" classname="com.bandwidth.sqs.consumer.ConsumerTest" time="0.002"/>
  <testcase name="testSetNumPermits" classname="com.bandwidth.sqs.consumer.ConsumerTest" time="0.002"/>
  <testcase name="testShutdownWithoutStarting" classname="com.bandwidth.sqs.consumer.ConsumerTest" time="0.01"/>
  <testcase name="testHandlerIgnoreAndShutdown" classname="com.bandwidth.sqs.consumer.ConsumerTest" time="0.005"/>
  <testcase name="testHandlerDeleteAndShutdown" classname="com.bandwidth.sqs.consumer.ConsumerTest" time="0.002"/>
  <testcase name="testIsNotTerminatedWhenProcessingMessage" classname="com.bandwidth.sqs.consumer.ConsumerTest" time="0.002"/>
  <testcase name="testQueueForProcessing" classname="com.bandwidth.sqs.consumer.ConsumerTest" time="0.002"/>
  <testcase name="testStartNewRequestBufferFull" classname="com.bandwidth.sqs.consumer.ConsumerTest" time="0.001"/>
  <testcase name="testBackoffDelay" classname="com.bandwidth.sqs.consumer.ConsumerTest" time="0.002"/>
  <testcase name="testUpdateWhileAllRequestsStarted" classname="com.bandwidth.sqs.consumer.ConsumerTest" time="0.001"/>
  <testcase name="testNegativeBackoffDelay" classname="com.bandwidth.sqs.consumer.ConsumerTest" time="0.002"/>
  <testcase name="testTimerTaskUpdate" classname="com.bandwidth.sqs.consumer.ConsumerTest" time="0.001"/>
  <testcase name="testIsNotTerminatedWhenWaitingLoadBalancedRequest" classname="com.bandwidth.sqs.consumer.ConsumerTest" time="0.002"/>
  <testcase name="testReceiveMessageHandlerUpdateLoadBalanceRequests" classname="com.bandwidth.sqs.consumer.ConsumerTest" time="0.001"/>
  <testcase name="testRetryAck" classname="com.bandwidth.sqs.consumer.ConsumerTest" time="0.007"/>
  <testcase name="testReceiveMessageHandlerOnError" classname="com.bandwidth.sqs.consumer.ConsumerTest" time="0.006"/>
  <testcase name="testReceiveMessageHandlerOnSuccessNoMessages" classname="com.bandwidth.sqs.consumer.ConsumerTest" time="0.001"/>
  <testcase name="testReceiveMessageHandlerOnSuccess" classname="com.bandwidth.sqs.consumer.ConsumerTest" time="0.006"/>
  <testcase name="testLoadBalanceRequestUpdaterBufferFull" classname="com.bandwidth.sqs.consumer.ConsumerTest" time="0.001"/>
  <testcase name="testIsNotTerminatedWhenBufferIsNotEmpty" classname="com.bandwidth.sqs.consumer.ConsumerTest" time="0.001"/>
  <testcase name="testStartLongPollingRequest" classname="com.bandwidth.sqs.consumer.ConsumerTest" time="0.001"/>
  <testcase name="testIsNotTerminatedWhenIsNotShutdown" classname="com.bandwidth.sqs.consumer.ConsumerTest" time="0.001"/>
  <testcase name="testProcessNextMessageExpired" classname="com.bandwidth.sqs.consumer.ConsumerTest" time="0.001"/>
  <testcase name="testLoadBalanceRequestUpdater" classname="com.bandwidth.sqs.consumer.ConsumerTest" time="0.001"/>
  <testcase name="testDoNotReceiveMessageWhenInShutdown" classname="com.bandwidth.sqs.consumer.ConsumerTest" time="0.002"/>
</testsuite>